[debug] [2023-02-24T19:09:00.866Z] ----------------------------------------------------------------------
[debug] [2023-02-24T19:09:00.868Z] Command:       C:\Program Files\nodejs\node.exe C:\Users\HP-Laptop\AppData\Roaming\npm\node_modules\firebase-tools\lib\bin\firebase.js init
[debug] [2023-02-24T19:09:00.869Z] CLI Version:   11.24.0
[debug] [2023-02-24T19:09:00.869Z] Platform:      win32
[debug] [2023-02-24T19:09:00.869Z] Node Version:  v18.13.0
[debug] [2023-02-24T19:09:00.871Z] Time:          Fri Feb 24 2023 20:09:00 GMT+0100 (středoevropský standardní čas)
[debug] [2023-02-24T19:09:00.871Z] ----------------------------------------------------------------------
[debug] 
[debug] [2023-02-24T19:09:00.880Z] > command requires scopes: ["email","openid","https://www.googleapis.com/auth/cloudplatformprojects.readonly","https://www.googleapis.com/auth/firebase","https://www.googleapis.com/auth/cloud-platform"]
[debug] [2023-02-24T19:09:00.880Z] > authorizing via signed-in user (dusan.walla@gmail.com)
[info] 
     ######## #### ########  ######## ########     ###     ######  ########
     ##        ##  ##     ## ##       ##     ##  ##   ##  ##       ##
     ######    ##  ########  ######   ########  #########  ######  ######
     ##        ##  ##    ##  ##       ##     ## ##     ##       ## ##
     ##       #### ##     ## ######## ########  ##     ##  ######  ########

You're about to initialize a Firebase project in this directory:

  C:\Users\HP-Laptop\dev-projects\my-portfolio

[info] 
=== Project Setup
[info] 
[info] First, let's associate this project directory with a Firebase project.
[info] You can create multiple project aliases by running firebase use --add, 
[info] but for now we'll just set up a default project.
[info] 
[debug] [2023-02-24T19:12:00.473Z] >>> [apiv2][query] GET https://firebase.googleapis.com/v1beta1/projects pageSize=100
[debug] [2023-02-24T19:12:01.031Z] <<< [apiv2][status] GET https://firebase.googleapis.com/v1beta1/projects 200
[debug] [2023-02-24T19:12:01.031Z] <<< [apiv2][body] GET https://firebase.googleapis.com/v1beta1/projects [omitted]
[info] i  Using project my-portfolio-10ff9 (My Portfolio) 
[info] 
=== Hosting Setup
[info] 
[info] Your public directory is the folder (relative to your project directory) that
[info] will contain Hosting assets to be uploaded with firebase deploy. If you
[info] have a build process for your assets, use your build's output directory.
[info] 
[debug] [2023-02-24T19:13:18.206Z] >>> [apiv2][query] GET https://www.gstatic.com/firebasejs/releases.json [none]
[debug] [2023-02-24T19:13:18.306Z] <<< [apiv2][status] GET https://www.gstatic.com/firebasejs/releases.json 200
[debug] [2023-02-24T19:13:18.306Z] <<< [apiv2][body] GET https://www.gstatic.com/firebasejs/releases.json {"current":{"version":"9.17.1","browserURL":"https://www.gstatic.com/firebasejs/9.17.1/firebase.js","packageURL":"https://www.gstatic.com/firebasejs/9.17.1/firebase.tgz"},"live":{"version":"9.17","browserURL":"https://www.gstatic.com/firebasejs/live/9.17/firebase.js","packageURL":"https://www.gstatic.com/firebasejs/live/9.17/firebase.tgz"},"components":{"analytics":"https://www.gstatic.com/firebasejs/9.17.1/firebase-analytics.js","app":"https://www.gstatic.com/firebasejs/9.17.1/firebase-app.js","app-check":"https://www.gstatic.com/firebasejs/9.17.1/firebase-app-check.js","auth":"https://www.gstatic.com/firebasejs/9.17.1/firebase-auth.js","auth/cordova":"https://www.gstatic.com/firebasejs/9.17.1/firebase-auth/cordova.js","auth/react-native":"https://www.gstatic.com/firebasejs/9.17.1/firebase-auth/react-native.js","functions":"https://www.gstatic.com/firebasejs/9.17.1/firebase-functions.js","firestore":"https://www.gstatic.com/firebasejs/9.17.1/firebase-firestore.js","firestore/lite":"https://www.gstatic.com/firebasejs/9.17.1/firebase-firestore/lite.js","installations":"https://www.gstatic.com/firebasejs/9.17.1/firebase-installations.js","storage":"https://www.gstatic.com/firebasejs/9.17.1/firebase-storage.js","performance":"https://www.gstatic.com/firebasejs/9.17.1/firebase-performance.js","remote-config":"https://www.gstatic.com/firebasejs/9.17.1/firebase-remote-config.js","messaging":"https://www.gstatic.com/firebasejs/9.17.1/firebase-messaging.js","messaging/sw":"https://www.gstatic.com/firebasejs/9.17.1/firebase-messaging/sw.js","database":"https://www.gstatic.com/firebasejs/9.17.1/firebase-database.js","firestore.memory":"https://www.gstatic.com/firebasejs/9.17.1/firebase-firestore.memory.js"}}
[info] +  Wrote build/index.html 
[info] 
[info] i  Detected a .git folder at C:\Users\HP-Laptop\dev-projects\my-portfolio 
[info] i  Authorizing with GitHub to upload your service account to a GitHub repository's secrets store. 
[info] 
[info] Visit this URL on this device to log in:
[info] https://github.com/login/oauth/authorize?client_id=89cf50f02ac6aaed3484&state=869755791&redirect_uri=http%3A%2F%2Flocalhost%3A9005&scope=read%3Auser%20repo%20public_repo
[info] 
[info] Waiting for authentication...
[debug] [2023-02-24T19:13:55.846Z] >>> [apiv2][query] POST https://github.com/login/oauth/access_token [none]
[debug] [2023-02-24T19:13:55.846Z] >>> [apiv2][body] POST https://github.com/login/oauth/access_token [stream]
[debug] [2023-02-24T19:13:56.159Z] <<< [apiv2][status] POST https://github.com/login/oauth/access_token 200
[debug] [2023-02-24T19:13:56.159Z] <<< [apiv2][body] POST https://github.com/login/oauth/access_token {"access_token":"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","token_type":"bearer","scope":"read:user,repo"}
[debug] [2023-02-24T19:13:56.169Z] >>> [apiv2][query] GET https://api.github.com/user [none]
[debug] [2023-02-24T19:13:56.456Z] <<< [apiv2][status] GET https://api.github.com/user 200
[debug] [2023-02-24T19:13:56.456Z] <<< [apiv2][body] GET https://api.github.com/user {"login":"dusanw","id":18562312,"node_id":"MDQ6VXNlcjE4NTYyMzEy","avatar_url":"https://avatars.githubusercontent.com/u/18562312?v=4","gravatar_id":"","url":"https://api.github.com/users/dusanw","html_url":"https://github.com/dusanw","followers_url":"https://api.github.com/users/dusanw/followers","following_url":"https://api.github.com/users/dusanw/following{/other_user}","gists_url":"https://api.github.com/users/dusanw/gists{/gist_id}","starred_url":"https://api.github.com/users/dusanw/starred{/owner}{/repo}","subscriptions_url":"https://api.github.com/users/dusanw/subscriptions","organizations_url":"https://api.github.com/users/dusanw/orgs","repos_url":"https://api.github.com/users/dusanw/repos","events_url":"https://api.github.com/users/dusanw/events{/privacy}","received_events_url":"https://api.github.com/users/dusanw/received_events","type":"User","site_admin":false,"name":null,"company":null,"blog":"","location":null,"email":null,"hireable":null,"bio":null,"twitter_username":null,"public_repos":9,"public_gists":0,"followers":0,"following":0,"created_at":"2016-04-19T22:14:46Z","updated_at":"2023-02-24T16:22:40Z","private_gists":0,"total_private_repos":2,"owned_private_repos":2,"disk_usage":253295,"collaborators":0,"two_factor_authentication":true,"plan":{"name":"free","space":976562499,"collaborators":0,"private_repos":10000}}
[info] 
[info] +  Success! Logged into GitHub as dusanw 
[info] 
